<?xml version="1.0" encoding="UTF-8"?>
<testsuite name="org.MikeyAndConnor.WordBank.WordBankTest" tests="1" skipped="0" failures="0" errors="0" timestamp="2022-10-07T22:39:21" hostname="MacBook-Air-2.local" time="4.458">
  <properties/>
  <testcase name="collectWords()" classname="org.MikeyAndConnor.WordBank.WordBankTest" time="4.458"/>
  <system-out><![CDATA[]]></system-out>
  <system-err><![CDATA[]]></system-err>
</testsuite>
